[debug] [2020-11-14T19:39:21.084Z] ----------------------------------------------------------------------
[debug] [2020-11-14T19:39:21.087Z] Command:       F:\by height\node.exe C:\Users\hp\AppData\Roaming\npm\node_modules\firebase-tools\lib\bin\firebase.js init
[debug] [2020-11-14T19:39:21.087Z] CLI Version:   8.16.2
[debug] [2020-11-14T19:39:21.087Z] Platform:      win32
[debug] [2020-11-14T19:39:21.087Z] Node Version:  v12.18.1
[debug] [2020-11-14T19:39:21.088Z] Time:          Sat Nov 14 2020 11:39:21 GMT-0800 (Pacific Standard Time)
[debug] [2020-11-14T19:39:21.089Z] ----------------------------------------------------------------------
[debug] [2020-11-14T19:39:21.089Z] 
[debug] [2020-11-14T19:39:21.098Z] > command requires scopes: ["email","openid","https://www.googleapis.com/auth/cloudplatformprojects.readonly","https://www.googleapis.com/auth/firebase","https://www.googleapis.com/auth/cloud-platform"]
[debug] [2020-11-14T19:39:21.098Z] > authorizing via signed-in user
[info] 
     ######## #### ########  ######## ########     ###     ######  ########
     ##        ##  ##     ## ##       ##     ##  ##   ##  ##       ##
     ######    ##  ########  ######   ########  #########  ######  ######
     ##        ##  ##    ##  ##       ##     ## ##     ##       ## ##
     ##       #### ##     ## ######## ########  ##     ##  ######  ########

You're about to initialize a Firebase project in this directory:

  E:\React practice\olx.com

Before we get started, keep in mind:

  * You are initializing in an existing Firebase project directory

